app/build/outputs/mapping/release/seeds.txt
driches.feelsbook.R$anim: int abc_fade_in
driches.feelsbook.R$anim: int abc_fade_out
driches.feelsbook.R$anim: int abc_grow_fade_in_from_bottom
driches.feelsbook.R$anim: int abc_popup_enter
driches.feelsbook.R$anim: int abc_popup_exit
driches.feelsbook.R$anim: int abc_shrink_fade_out_from_bottom
driches.feelsbook.R$anim: int abc_slide_in_bottom
driches.feelsbook.R$anim: int abc_slide_in_top
driches.feelsbook.R$anim: int abc_slide_out_bottom
driches.feelsbook.R$anim: int abc_slide_out_top
driches.feelsbook.R$anim: int abc_tooltip_enter
driches.feelsbook.R$anim: int abc_tooltip_exit
driches.feelsbook.R$anim: int design_bottom_sheet_slide_in
driches.feelsbook.R$anim: int design_bottom_sheet_slide_out
driches.feelsbook.R$anim: int design_snackbar_in
driches.feelsbook.R$anim: int design_snackbar_out
driches.feelsbook.R$animator: int design_appbar_state_list_animator
driches.feelsbook.R$animator: int design_fab_hide_motion_spec
driches.feelsbook.R$animator: int design_fab_show_motion_spec
driches.feelsbook.R$animator: int mtrl_btn_state_list_anim
driches.feelsbook.R$animator: int mtrl_btn_unelevated_state_list_anim
driches.feelsbook.R$animator: int mtrl_chip_state_list_anim
driches.feelsbook.R$animator: int mtrl_fab_hide_motion_spec
driches.feelsbook.R$animator: int mtrl_fab_show_motion_spec
driches.feelsbook.R$animator: int mtrl_fab_transformation_sheet_collapse_spec
driches.feelsbook.R$animator: int mtrl_fab_transformation_sheet_expand_spec
driches.feelsbook.R$attr: int actionBarDivider
driches.feelsbook.R$attr: int actionBarItemBackground
driches.feelsbook.R$attr: int actionBarPopupTheme
driches.feelsbook.R$attr: int actionBarSize
driches.feelsbook.R$attr: int actionBarSplitStyle
driches.feelsbook.R$attr: int actionBarStyle
driches.feelsbook.R$attr: int actionBarTabBarStyle
driches.feelsbook.R$attr: int actionBarTabStyle
driches.feelsbook.R$attr: int actionBarTabTextStyle
driches.feelsbook.R$attr: int actionBarTheme
driches.feelsbook.R$attr: int actionBarWidgetTheme
driches.feelsbook.R$attr: int actionButtonStyle
driches.feelsbook.R$attr: int actionDropDownStyle
driches.feelsbook.R$attr: int actionLayout
driches.feelsbook.R$attr: int actionMenuTextAppearance
driches.feelsbook.R$attr: int actionMenuTextColor
driches.feelsbook.R$attr: int actionModeBackground
driches.feelsbook.R$attr: int actionModeCloseButtonStyle
driches.feelsbook.R$attr: int actionModeCloseDrawable
driches.feelsbook.R$attr: int actionModeCopyDrawable
driches.feelsbook.R$attr: int actionModeCutDrawable
driches.feelsbook.R$attr: int actionModeFindDrawable
driches.feelsbook.R$attr: int actionModePasteDrawable
driches.feelsbook.R$attr: int actionModePopupWindowStyle
driches.feelsbook.R$attr: int actionModeSelectAllDrawable
driches.feelsbook.R$attr: int actionModeShareDrawable
driches.feelsbook.R$attr: int actionModeSplitBackground
driches.feelsbook.R$attr: int actionModeStyle
driches.feelsbook.R$attr: int actionModeWebSearchDrawable
driches.feelsbook.R$bool: int abc_action_bar_embed_tabs
driches.feelsbook.R$bool: int abc_allow_stacked_button_bar
driches.feelsbook.R$bool: int abc_config_actionMenuItemAllCaps
driches.feelsbook.R$bool: int mtrl_btn_textappearance_all_caps
...
android.support.graphics.drawable.VectorDrawableCompat$VectorDrawableDelegateState: int getChangingConfigurations()
android.support.loader.R$attr: int alpha
android.support.loader.R$attr: int font
android.support.loader.R$attr: int fontProviderAuthority
android.support.loader.R$attr: int fontProviderCerts
android.support.loader.R$attr: int fontProviderFetchStrategy
android.support.loader.R$attr: int fontProviderFetchTimeout
android.support.loader.R$attr: int fontProviderPackage
android.support.loader.R$attr: int fontProviderQuery
android.support.loader.R$attr: int fontStyle
android.support.loader.R$attr: int fontVariationSettings
android.support.loader.R$attr: int fontWeight
android.support.loader.R$attr: int ttcIndex
android.support.loader.R$color: int notification_action_color_filter
android.support.loader.R$color: int notification_icon_bg_color
android.support.loader.R$color: int ripple_material_light
android.support.loader.R$color: int secondary_text_default_material_light
android.support.loader.R$dimen: int compat_button_inset_horizontal_material
android.support.loader.R$dimen: int compat_button_inset_vertical_material
android.support.loader.R$dimen: int compat_button_padding_horizontal_material
android.support.loader.R$dimen: int compat_button_padding_vertical_material
android.support.loader.R$dimen: int compat_control_corner_material
android.support.loader.R$dimen: int compat_notification_large_icon_max_height
android.support.loader.R$dimen: int compat_notification_large_icon_max_width
android.support.loader.R$dimen: int notification_action_icon_size
android.support.loader.R$dimen: int notification_action_text_size
android.support.loader.R$dimen: int notification_big_circle_margin
android.support.loader.R$dimen: int notification_content_margin_start
android.support.loader.R$dimen: int notification_large_icon_height
android.support.loader.R$dimen: int notification_large_icon_width
android.support.loader.R$dimen: int notification_main_column_padding_top
android.support.loader.R$dimen: int notification_media_narrow_margin
android.support.loader.R$dimen: int notification_right_icon_size
android.support.loader.R$dimen: int notification_right_side_padding_top
android.support.loader.R$dimen: int notification_small_icon_background_padding
android.support.loader.R$dimen: int notification_small_icon_size_as_large
android.support.loader.R$dimen: int notification_subtext_size
android.support.loader.R$dimen: int notification_top_pad
android.support.loader.R$drawable: int notification_action_background
android.support.loader.R$drawable: int notification_bg
android.support.loader.R$drawable: int notification_bg_low
android.support.loader.R$drawable: int notification_bg_low_normal
android.support.loader.R$drawable: int notification_bg_low_pressed
android.support.loader.R$drawable: int notification_bg_normal
android.support.loader.R$drawable: int notification_bg_normal_pressed
android.support.loader.R$drawable: int notification_icon_background
android.support.loader.R$drawable: int notification_template_icon_bg
android.support.loader.R$drawable: int notification_template_icon_low_bg
android.support.loader.R$drawable: int notification_tile_bg
android.support.loader.R$drawable: int notify_panel_notification_icon_bg