app/build/outputs/mapping/release/mapping.txt
driches.feelsbook.data.disk.FileManager -> driches.feelsbook.a.a.a:
    driches.feelsbook.data.disk.FileManager fileManager -> a
    void <init>() -> <init>
    driches.feelsbook.data.disk.FileManager getFileManager() -> a
    java.lang.String loadFile(java.io.File) -> a
    boolean saveFile(java.io.File,java.lang.String) -> a
    void <clinit>() -> <clinit>
driches.feelsbook.data.entity.mapper.EmotionJsonMapper -> driches.feelsbook.a.b.a.a:
    com.google.gson.Gson gson -> a
    java.lang.reflect.Type typeToken -> b
    void <init>() -> <init>
    java.util.ArrayList toCollection(java.lang.String) -> a
    java.lang.String toJsonString(java.util.ArrayList) -> a
driches.feelsbook.data.entity.mapper.EmotionJsonMapper$1 -> driches.feelsbook.a.b.a.a$1:
    driches.feelsbook.data.entity.mapper.EmotionJsonMapper this$0 -> d
    void <init>(driches.feelsbook.data.entity.mapper.EmotionJsonMapper) -> <init>
driches.feelsbook.data.repository.EmotionDataRepository -> driches.feelsbook.a.c.a:
    driches.feelsbook.data.repository.EmotionDataRepository emotionDataRepository -> a
    java.io.File emotionFile -> b
    driches.feelsbook.data.entity.mapper.EmotionJsonMapper emotionJsonMapper -> c
    driches.feelsbook.data.disk.FileManager fileManager -> d
    java.util.ArrayList emotionList -> e
    java.util.ArrayList suscribers -> f
    driches.feelsbook.data.repository.EmotionDataRepository getInstance() -> a
    void initRepository(java.io.File) -> a
    void <init>(java.io.File) -> <init>
    void notifySuscribers() -> c
    void suscribe(driches.feelsbook.domain.interactors.SuscribeToDatabase$Callback) -> a
    java.util.ArrayList getAll() -> b
    void insert(driches.feelsbook.domain.model.Emotion) -> a
    void update(driches.feelsbook.domain.model.Emotion,driches.feelsbook.domain.model.Emotion) -> a
    void delete(driches.feelsbook.domain.model.Emotion) -> b
    void <clinit>() -> <clinit>
driches.feelsbook.domain.interactors.DeleteEmotion -> driches.feelsbook.b.a.a:
    driches.feelsbook.domain.interactors.DeleteEmotion$Callback callback -> a
    driches.feelsbook.domain.repository.EmotionRepository mEmotionRepository -> b
    driches.feelsbook.domain.model.Emotion emotionToDelete -> c
    void <init>(driches.feelsbook.domain.interactors.DeleteEmotion$Callback,driches.feelsbook.domain.repository.EmotionRepository,driches.feelsbook.domain.model.Emotion) -> <init>
    void run() -> a
driches.feelsbook.domain.interactors.DeleteEmotion$Callback -> driches.feelsbook.b.a.a$a:
driches.feelsbook.domain.interactors.GetEmotions -> driches.feelsbook.b.a.b:
    java.util.Comparator emotionComparator -> a
    driches.feelsbook.domain.interactors.GetEmotions$Callback callback -> b
    driches.feelsbook.domain.repository.EmotionRepository emotionRepository -> c
    void <init>(driches.feelsbook.domain.interactors.GetEmotions$Callback,driches.feelsbook.domain.repository.EmotionRepository) -> <init>
    void run() -> a
driches.feelsbook.domain.interactors.GetEmotions$1 -> driches.feelsbook.b.a.b$1:
    driches.feelsbook.domain.interactors.GetEmotions this$0 -> a
    void <init>(driches.feelsbook.domain.interactors.GetEmotions) -> <init>
    int compare(driches.feelsbook.domain.model.Emotion,driches.feelsbook.domain.model.Emotion) -> a
    int compare(java.lang.Object,java.lang.Object) -> compare
driches.feelsbook.domain.interactors.GetEmotions$Callback -> driches.feelsbook.b.a.b$a:
    void onRetrieved(java.util.ArrayList) -> a
driches.feelsbook.domain.interactors.GetStats -> driches.feelsbook.b.a.c:
    driches.feelsbook.domain.repository.EmotionRepository mEmotionRepository -> a
    driches.feelsbook.domain.interactors.GetStats$Callback callback -> b
    void <init>(driches.feelsbook.domain.interactors.GetStats$Callback,driches.feelsbook.domain.repository.EmotionRepository) -> <init>
    void run() -> a
driches.feelsbook.domain.interactors.GetStats$Callback -> driches.feelsbook.b.a.c$a:
    void onStatsRecieved(java.util.HashMap) -> a
...
android.support.v7.widget.RecyclerView$RecycledViewPool$ScrapData -> android.support.v7.widget.RecyclerView$o$a:
    java.util.ArrayList mScrapHeap -> a
    int mMaxScrap -> b
    long mCreateRunningAverageNs -> c
    long mBindRunningAverageNs -> d
    void <init>() -> <init>
android.support.v7.widget.RecyclerView$Recycler -> android.support.v7.widget.RecyclerView$p:
    java.util.ArrayList mAttachedScrap -> a
    java.util.ArrayList mChangedScrap -> b
    java.util.ArrayList mCachedViews -> c
    java.util.List mUnmodifiableAttachedScrap -> g
    int mRequestedCacheMax -> h
    int mViewCacheMax -> d
    android.support.v7.widget.RecyclerView$RecycledViewPool mRecyclerPool -> e
    android.support.v7.widget.RecyclerView$ViewCacheExtension mViewCacheExtension -> i
    android.support.v7.widget.RecyclerView this$0 -> f
    void <init>(android.support.v7.widget.RecyclerView) -> <init>
    void clear() -> a
    void setViewCacheSize(int) -> a
    void updateViewCacheSize() -> b
    java.util.List getScrapList() -> c
    boolean validateViewHolderForOffsetPosition(android.support.v7.widget.RecyclerView$ViewHolder) -> a
    boolean tryBindViewHolderByDeadline(android.support.v7.widget.RecyclerView$ViewHolder,int,int,long) -> a
    int convertPreLayoutPositionToPostLayout(int) -> b
    android.view.View getViewForPosition(int) -> c
    android.view.View getViewForPosition(int,boolean) -> a
    android.support.v7.widget.RecyclerView$ViewHolder tryGetViewHolderForPositionByDeadline(int,boolean,long) -> a
    void attachAccessibilityDelegateOnBind(android.support.v7.widget.RecyclerView$ViewHolder) -> e
    void invalidateDisplayListInt(android.support.v7.widget.RecyclerView$ViewHolder) -> f
android.support.v7.widget.RecyclerView$RecyclerListener -> android.support.v7.widget.RecyclerView$q:
    void onViewRecycled(android.support.v7.widget.RecyclerView$ViewHolder) -> a
android.support.v7.widget.RecyclerView$RecyclerViewDataObserver -> android.support.v7.widget.RecyclerView$r:
    android.support.v7.widget.RecyclerView this$0 -> a
    void <init>(android.support.v7.widget.RecyclerView) -> <init>
    void onChanged() -> a
android.support.v7.widget.RecyclerView$SavedState -> android.support.v7.widget.RecyclerView$s:
    android.os.Parcelable mLayoutState -> a
    android.os.Parcelable$Creator CREATOR -> CREATOR
    void <init>(android.os.Parcel,java.lang.ClassLoader) -> <init>
    void <init>(android.os.Parcelable) -> <init>
    void writeToParcel(android.os.Parcel,int) -> writeToParcel
    void copyFrom(android.support.v7.widget.RecyclerView$SavedState) -> a
    void <clinit>() -> <clinit>
android.support.v7.widget.RecyclerView$SavedState$1 -> android.support.v7.widget.RecyclerView$s$1:
    void <init>() -> <init>
    android.support.v7.widget.RecyclerView$SavedState createFromParcel(android.os.Parcel,java.lang.ClassLoader) -> a
    android.support.v7.widget.RecyclerView$SavedState createFromParcel(android.os.Parcel) -> a
    android.support.v7.widget.RecyclerView$SavedState[] newArray(int) -> a
    java.lang.Object createFromParcel(android.os.Parcel,java.lang.ClassLoader) -> createFromParcel
    java.lang.Object[] newArray(int) -> newArray
    java.lang.Object createFromParcel(android.os.Parcel) -> createFromParcel