app/build/outputs/mapping/release/usage.txt
driches.feelsbook.BuildConfig
driches.feelsbook.R
driches.feelsbook.R$anim
driches.feelsbook.R$animator
driches.feelsbook.R$attr
driches.feelsbook.R$bool
driches.feelsbook.R$color
driches.feelsbook.R$dimen
driches.feelsbook.R$drawable
driches.feelsbook.R$id
driches.feelsbook.R$integer
driches.feelsbook.R$interpolator
driches.feelsbook.R$layout
driches.feelsbook.R$mipmap
driches.feelsbook.R$string
driches.feelsbook.R$style
driches.feelsbook.R$styleable
driches.feelsbook.domain.interactors.base.BaseInteractor:
    protected volatile boolean mIsExecuting
    protected volatile boolean mIsStoped
    public abstract void run()
    11:13:public void stop()
    16:16:public boolean isExecuting()
    20:22:public void finish()
    27:28:public void execute()
driches.feelsbook.domain.interactors.base.Interactor
driches.feelsbook.domain.model.Emotion:
    16:20:public Emotion(java.lang.String,java.util.Date)
    28:32:public Emotion(java.lang.String,java.lang.String)
driches.feelsbook.presentation.presenters.EmotionLogPresenter:
    121:121:public void resume()
    126:126:public void pause()
    131:131:public void destroy()
driches.feelsbook.presentation.presenters.EmotionLogPresenter$EditView:
    public abstract void showEditDialog(driches.feelsbook.domain.model.Emotion)
driches.feelsbook.presentation.presenters.EmotionLogPresenter$LogView:
    public abstract void getList()
driches.feelsbook.presentation.presenters.EmotionStatPresenter:
    46:46:public void resume()
    51:51:public void pause()
    56:56:public void destroy()
driches.feelsbook.presentation.presenters.base.Presenter
driches.feelsbook.presentation.view.activity.MainActivity:
    private driches.feelsbook.presentation.view.component.EmotionIcon angerAdd
    private driches.feelsbook.presentation.view.component.EmotionIcon fearAdd
    private driches.feelsbook.presentation.view.component.EmotionIcon joyAdd
    private driches.feelsbook.presentation.view.component.EmotionIcon loveAdd
    private driches.feelsbook.presentation.view.component.EmotionIcon sadAdd
    private driches.feelsbook.presentation.view.component.EmotionIcon supriseAdd
driches.feelsbook.presentation.view.component.EmotionBar:
    private int textColor
driches.feelsbook.presentation.view.listeners.AddEmotionBarListener
...
android.support.v7.widget.AppCompatHintHelper:
    43:44:private AppCompatHintHelper()
android.support.v7.widget.AppCompatImageHelper:
    161:171:void setInternalImageTint(android.content.res.ColorStateList)
android.support.v7.widget.AppCompatMultiAutoCompleteTextView:
    63:64:public AppCompatMultiAutoCompleteTextView(android.content.Context)
android.support.v7.widget.AppCompatPopupWindow:
    40:42:public AppCompatPopupWindow(android.content.Context,android.util.AttributeSet,int)
android.support.v7.widget.AppCompatRadioButton:
    56:57:public AppCompatRadioButton(android.content.Context)
android.support.v7.widget.AppCompatRatingBar:
    40:41:public AppCompatRatingBar(android.content.Context)
android.support.v7.widget.AppCompatSeekBar:
    39:40:public AppCompatSeekBar(android.content.Context)
android.support.v7.widget.AppCompatSeekBarHelper:
    97:97:android.graphics.drawable.Drawable getTickMark()
    101:105:void setTickMarkTintList(android.content.res.ColorStateList)
    109:109:android.content.res.ColorStateList getTickMarkTintList()
    113:117:void setTickMarkTintMode(android.graphics.PorterDuff$Mode)
    121:121:android.graphics.PorterDuff$Mode getTickMarkTintMode()
android.support.v7.widget.AppCompatSpinner:
    private static final int MAX_ITEMS_MEASURED
    private static final java.lang.String TAG
    private static final int MODE_DIALOG
    private static final int MODE_DROPDOWN
    private static final int MODE_THEME
    107:108:public AppCompatSpinner(android.content.Context)
    122:123:public AppCompatSpinner(android.content.Context,int)
android.support.v7.widget.AppCompatTextHelper:
    private static final int SANS
    private static final int SERIF
    private static final int MONOSPACE
android.support.v7.widget.AppCompatTextViewAutoSizeHelper:
    private static final java.lang.String TAG
    private static final int DEFAULT_AUTO_SIZE_MIN_TEXT_SIZE_IN_SP
    private static final int DEFAULT_AUTO_SIZE_MAX_TEXT_SIZE_IN_SP
    private static final int DEFAULT_AUTO_SIZE_GRANULARITY_IN_PX
    static final float UNSET_AUTO_SIZE_UNIFORM_CONFIGURATION_VALUE
    private static final int VERY_WIDE
android.support.v7.widget.ButtonBarLayout:
    private static final int PEEK_BUTTON_DP
android.support.v7.widget.CardView:
    226:228:public void setContentPadding(int,int,int,int)
android.support.v7.widget.CardViewImpl:
    public abstract void updatePadding(android.support.v7.widget.CardViewDelegate)
android.support.v7.widget.ChildHelper:
    private static final boolean DEBUG
    private static final java.lang.String TAG
android.support.v7.widget.ChildHelper$Bucket:
    static final int BITS_PER_WORD
    static final long LAST_BIT
android.support.v7.widget.DecorContentParent:
    public abstract java.lang.CharSequence getTitle()
    public abstract void setUiOptions(int)
    public abstract boolean hasIcon()
    public abstract boolean hasLogo()
    public abstract void setIcon(int)
    public abstract void setIcon(android.graphics.drawable.Drawable)
    public abstract void setLogo(int)
    public abstract void saveToolbarHierarchyState(android.util.SparseArray)
    public abstract void restoreToolbarHierarchyState(android.util.SparseArray)